<?xml version="1.0" encoding="UTF-8"?>
<!-- Generated by org.testng.reporters.JUnitReportReporter -->
<testsuite skipped="0" hostname="DESKTOP-77T8OHD" name="com.automation.AppTest" tests="1" failures="0" timestamp="15 Dec 2021 23:45:36 GMT" time="0.022" errors="0">
  <testcase name="shouldAnswerWithTrue" time="0.022" classname="com.automation.AppTest"/>
</testsuite> <!-- com.automation.AppTest -->
